<?xml version="1.0" encoding="UTF-8"?>
<testsuite xmlns:xsi="http://www.w3.org/2001/XMLSchema-instance" xsi:noNamespaceSchemaLocation="https://maven.apache.org/surefire/maven-surefire-plugin/xsd/surefire-test-report.xsd" name="com.epam.rd.qa.classes.RectangleTest" time="0.388" tests="30" errors="0" skipped="0" failures="5">
  <properties>
[...]
</properties>
  <testcase name="testConstructorShouldThrow" classname="com.epam.rd.qa.classes.RectangleTest" time="0.002"/>
  <testcase name="testCompliance" classname="com.epam.rd.qa.classes.RectangleTest" time="0"/>
  <testcase name="testArea{double, double, double, double}[1]" classname="com.epam.rd.qa.classes.RectangleTest" time="0"/>
  <testcase name="testArea{double, double, double, double}[2]" classname="com.epam.rd.qa.classes.RectangleTest" time="0"/>
  <testcase name="testArea{double, double, double, double}[3]" classname="com.epam.rd.qa.classes.RectangleTest" time="0"/>
  <testcase name="testArea{double, double, double, double}[4]" classname="com.epam.rd.qa.classes.RectangleTest" time="0"/>
  <testcase name="testArea{double, double, double, double}[5]" classname="com.epam.rd.qa.classes.RectangleTest" time="0"/>
  <testcase name="testArea{double, double, double, double}[6]" classname="com.epam.rd.qa.classes.RectangleTest" time="0"/>
  <testcase name="testArea{double, double, double, double}[7]" classname="com.epam.rd.qa.classes.RectangleTest" time="0"/>
  <testcase name="testArea{double, double, double, double}[8]" classname="com.epam.rd.qa.classes.RectangleTest" time="0.001"/>
  <testcase name="testArea{double, double, double, double}[9]" classname="com.epam.rd.qa.classes.RectangleTest" time="0"/>
  <testcase name="testArea{double, double, double, double}[10]" classname="com.epam.rd.qa.classes.RectangleTest" time="0"/>
  <testcase name="testArea{double, double, double, double}[11]" classname="com.epam.rd.qa.classes.RectangleTest" time="0"/>
  <testcase name="testArea{double, double, double, double}[12]" classname="com.epam.rd.qa.classes.RectangleTest" time="0.003"/>
  <testcase name="testArea{double, double, double, double}[13]" classname="com.epam.rd.qa.classes.RectangleTest" time="0.003"/>
  <testcase name="testArea{double, double, double, double}[14]" classname="com.epam.rd.qa.classes.RectangleTest" time="0.003"/>
  <testcase name="testArea{double, double, double, double}[15]" classname="com.epam.rd.qa.classes.RectangleTest" time="0.006"/>
  <testcase name="testArea{double, double, double, double}[16]" classname="com.epam.rd.qa.classes.RectangleTest" time="0.006"/>
  <testcase name="testArea{double, double, double, double}[17]" classname="com.epam.rd.qa.classes.RectangleTest" time="0.003"/>
  <testcase name="testArea{double, double, double, double}[18]" classname="com.epam.rd.qa.classes.RectangleTest" time="0.002"/>
  <testcase name="testArea{double, double, double, double}[19]" classname="com.epam.rd.qa.classes.RectangleTest" time="0.002"/>
  <testcase name="testArea{double, double, double, double}[20]" classname="com.epam.rd.qa.classes.RectangleTest" time="0.001"/>
  <testcase name="testConstructorShouldCreate" classname="com.epam.rd.qa.classes.RectangleTest" time="0.002"/>
  <testcase name="testHashCodeEquals{double, double}[1]" classname="com.epam.rd.qa.classes.RectangleTest" time="0.084">
    <failure message="The methods &apos;equals&apos; and &apos;hashCode&apos; must be implemented ==&gt; expected: com.epam.rd.qa.classes.Rectangle@213deac2&lt;Rectungle{sideA = 3.774807795813292, sideB =4.0840210832173245}&gt; but was: com.epam.rd.qa.classes.Rectangle@23eee4b8&lt;Rectungle{sideA = 3.774807795813292, sideB =4.0840210832173245}&gt;" type="org.opentest4j.AssertionFailedError"><![CDATA[org.opentest4j.AssertionFailedError: The methods 'equals' and 'hashCode' must be implemented ==> expected: com.epam.rd.qa.classes.Rectangle@213deac2<Rectungle{sideA = 3.774807795813292, sideB =4.0840210832173245}> but was: com.epam.rd.qa.classes.Rectangle@23eee4b8<Rectungle{sideA = 3.774807795813292, sideB =4.0840210832173245}>
	at com.epam.rd.qa.classes.RectangleTest.testHashCodeEquals(RectangleTest.java:156)
]]></failure>
  </testcase>
  <testcase name="testHashCodeEquals{double, double}[2]" classname="com.epam.rd.qa.classes.RectangleTest" time="0.006">
    <failure message="The methods &apos;equals&apos; and &apos;hashCode&apos; must be implemented ==&gt; expected: com.epam.rd.qa.classes.Rectangle@6bff19ff&lt;Rectungle{sideA = 4.524579096909379, sideB =4.9157321769612565}&gt; but was: com.epam.rd.qa.classes.Rectangle@41e1455d&lt;Rectungle{sideA = 4.524579096909379, sideB =4.9157321769612565}&gt;" type="org.opentest4j.AssertionFailedError"><![CDATA[org.opentest4j.AssertionFailedError: The methods 'equals' and 'hashCode' must be implemented ==> expected: com.epam.rd.qa.classes.Rectangle@6bff19ff<Rectungle{sideA = 4.524579096909379, sideB =4.9157321769612565}> but was: com.epam.rd.qa.classes.Rectangle@41e1455d<Rectungle{sideA = 4.524579096909379, sideB =4.9157321769612565}>
	at com.epam.rd.qa.classes.RectangleTest.testHashCodeEquals(RectangleTest.java:156)
]]></failure>
  </testcase>
  <testcase name="testHashCodeEquals{double, double}[3]" classname="com.epam.rd.qa.classes.RectangleTest" time="0.01">
    <failure message="The methods &apos;equals&apos; and &apos;hashCode&apos; must be implemented ==&gt; expected: com.epam.rd.qa.classes.Rectangle@4e558728&lt;Rectungle{sideA = 3.420658250499622, sideB =2.0364534638016063}&gt; but was: com.epam.rd.qa.classes.Rectangle@5eccd3b9&lt;Rectungle{sideA = 3.420658250499622, sideB =2.0364534638016063}&gt;" type="org.opentest4j.AssertionFailedError"><![CDATA[org.opentest4j.AssertionFailedError: The methods 'equals' and 'hashCode' must be implemented ==> expected: com.epam.rd.qa.classes.Rectangle@4e558728<Rectungle{sideA = 3.420658250499622, sideB =2.0364534638016063}> but was: com.epam.rd.qa.classes.Rectangle@5eccd3b9<Rectungle{sideA = 3.420658250499622, sideB =2.0364534638016063}>
	at com.epam.rd.qa.classes.RectangleTest.testHashCodeEquals(RectangleTest.java:156)
]]></failure>
  </testcase>
  <testcase name="testHashCodeEquals{double, double}[4]" classname="com.epam.rd.qa.classes.RectangleTest" time="0.019">
    <failure message="The methods &apos;equals&apos; and &apos;hashCode&apos; must be implemented ==&gt; expected: com.epam.rd.qa.classes.Rectangle@4d6f197e&lt;Rectungle{sideA = 1.1907559022087937, sideB =2.0990628972043153}&gt; but was: com.epam.rd.qa.classes.Rectangle@6ef7623&lt;Rectungle{sideA = 1.1907559022087937, sideB =2.0990628972043153}&gt;" type="org.opentest4j.AssertionFailedError"><![CDATA[org.opentest4j.AssertionFailedError: The methods 'equals' and 'hashCode' must be implemented ==> expected: com.epam.rd.qa.classes.Rectangle@4d6f197e<Rectungle{sideA = 1.1907559022087937, sideB =2.0990628972043153}> but was: com.epam.rd.qa.classes.Rectangle@6ef7623<Rectungle{sideA = 1.1907559022087937, sideB =2.0990628972043153}>
	at com.epam.rd.qa.classes.RectangleTest.testHashCodeEquals(RectangleTest.java:156)
]]></failure>
  </testcase>
  <testcase name="testHashCodeEquals{double, double}[5]" classname="com.epam.rd.qa.classes.RectangleTest" time="0.022">
    <failure message="The methods &apos;equals&apos; and &apos;hashCode&apos; must be implemented ==&gt; expected: com.epam.rd.qa.classes.Rectangle@64e1dd11&lt;Rectungle{sideA = 1.6893570647499643, sideB =1.8310464977011263}&gt; but was: com.epam.rd.qa.classes.Rectangle@5c089b2f&lt;Rectungle{sideA = 1.6893570647499643, sideB =1.8310464977011263}&gt;" type="org.opentest4j.AssertionFailedError"><![CDATA[org.opentest4j.AssertionFailedError: The methods 'equals' and 'hashCode' must be implemented ==> expected: com.epam.rd.qa.classes.Rectangle@64e1dd11<Rectungle{sideA = 1.6893570647499643, sideB =1.8310464977011263}> but was: com.epam.rd.qa.classes.Rectangle@5c089b2f<Rectungle{sideA = 1.6893570647499643, sideB =1.8310464977011263}>
	at com.epam.rd.qa.classes.RectangleTest.testHashCodeEquals(RectangleTest.java:156)
]]></failure>
  </testcase>
  <testcase name="testIsSquare" classname="com.epam.rd.qa.classes.RectangleTest" time="0.011"/>
  <testcase name="testReplaceSides" classname="com.epam.rd.qa.classes.RectangleTest" time="0.009"/>
</testsuite>