<?xml version="1.0" encoding="UTF-8"?>
<testsuite xmlns:xsi="http://www.w3.org/2001/XMLSchema-instance" xsi:noNamespaceSchemaLocation="https://maven.apache.org/surefire/maven-surefire-plugin/xsd/surefire-test-report-3.0.xsd" version="3.0" name="com.epam.rd.autotasks.task02.Task02Test" time="0.11" tests="1" errors="0" skipped="0" failures="0">
  <properties>
[...]
</properties>
  <testcase name="theDistanceBetweenTheFirstAndTheLastEntryOfTheMaximumValueIsCalculated" classname="com.epam.rd.autotasks.task02.Task02Test" time="0.072"/>
</testsuite>