<?xml version="1.0" encoding="UTF-8"?>
<testsuite xmlns:xsi="http://www.w3.org/2001/XMLSchema-instance" xsi:noNamespaceSchemaLocation="https://maven.apache.org/surefire/maven-surefire-plugin/xsd/surefire-test-report.xsd" name="com.epam.rd.autotasks.FunctionsTask1Test" time="0.097" tests="6" errors="0" skipped="0" failures="0">
  <properties>
[...]
</properties>
  <testcase name="testArrayIsSortedByAsc" classname="com.epam.rd.autotasks.FunctionsTask1Test" time="0.052"/>
  <testcase name="testNegativeArrayIsSortedByDesc" classname="com.epam.rd.autotasks.FunctionsTask1Test" time="0.002"/>
  <testcase name="testArrayIsSortedByDesc" classname="com.epam.rd.autotasks.FunctionsTask1Test" time="0.002"/>
  <testcase name="testArrayIsSortedWithNullArgs" classname="com.epam.rd.autotasks.FunctionsTask1Test" time="0.007"/>
  <testcase name="arrayIsSortedWithIllegalArgumentException" classname="com.epam.rd.autotasks.FunctionsTask1Test" time="0.003"/>
  <testcase name="testNegativeArrayIsSortedByAsc" classname="com.epam.rd.autotasks.FunctionsTask1Test" time="0.001"/>
</testsuite>